#
# There is insufficient memory for the Java Runtime Environment to continue.
# Native memory allocation (mmap) failed to map 132120576 bytes for G1 virtual space
# Possible reasons:
#   The system is out of physical RAM or swap space
#   The process is running with CompressedOops enabled, and the Java Heap may be blocking the growth of the native heap
# Possible solutions:
#   Reduce memory load on the system
#   Increase physical memory or swap space
#   Check if swap backing store is full
#   Decrease Java heap size (-Xmx/-Xms)
#   Decrease number of Java threads
#   Decrease Java thread stack sizes (-Xss)
#   Set larger code cache with -XX:ReservedCodeCacheSize=
#   JVM is running with Unscaled Compressed Oops mode in which the Java heap is
#     placed in the first 4GB address space. The Java Heap base address is the
#     maximum limit for the native heap growth. Please use -XX:HeapBaseMinAddress
#     to set the Java Heap base and to place the Java Heap above 4GB virtual address.
# This output file may be truncated or incomplete.
#
#  Out of Memory Error (os_windows.cpp:3769), pid=17544, tid=8816
#
# JRE version:  (17.0.6) (build )
# Java VM: OpenJDK 64-Bit Server VM (17.0.6+0-b2043.56-9586694, mixed mode, sharing, tiered, compressed oops, compressed class ptrs, g1 gc, windows-amd64)
# No core dump will be written. Minidumps are not enabled by default on client versions of Windows
#

---------------  S U M M A R Y ------------

Command Line: git4idea.http.GitAskPassApp Username for 'https://github.com': 

Host: 11th Gen Intel(R) Core(TM) i5-1135G7 @ 2.40GHz, 8 cores, 7G,  Windows 11 , 64 bit Build 22621 (10.0.22621.1485)
Time: Tue Apr 18 13:04:10 2023 Central Daylight Time elapsed time: 0.016563 seconds (0d 0h 0m 0s)

---------------  T H R E A D  ---------------

Current thread (0x000001ba60f5c950):  JavaThread "Unknown thread" [_thread_in_vm, id=8816, stack(0x000000743d400000,0x000000743d500000)]

Stack: [0x000000743d400000,0x000000743d500000]
Native frames: (J=compiled Java code, j=interpreted, Vv=VM code, C=native code)
V  [jvm.dll+0x683b4a]
V  [jvm.dll+0x842654]
V  [jvm.dll+0x843dfe]
V  [jvm.dll+0x844463]
V  [jvm.dll+0x249b75]
V  [jvm.dll+0x680a19]
V  [jvm.dll+0x674f0a]
V  [jvm.dll+0x309acb]
V  [jvm.dll+0x310f86]
V  [jvm.dll+0x3608ee]
V  [jvm.dll+0x360b1f]
V  [jvm.dll+0x2dfbf8]
V  [jvm.dll+0x2e0b64]
V  [jvm.dll+0x813f41]
V  [jvm.dll+0x36e6a1]
V  [jvm.dll+0x7f347c]
V  [jvm.dll+0x3f0e8f]
V  [jvm.dll+0x3f29d1]
C  [jli.dll+0x526b]
C  [ucrtbase.dll+0x29363]
C  [KERNEL32.DLL+0x1269d]
C  [ntdll.dll+0x5a9f8]


---------------  P R O C E S S  ---------------

Threads class SMR info:
_java_thread_list=0x00007ff837b8c058, length=0, elements={
}

Java Threads: ( => current thread )

Other Threads:
  0x000001ba60fb47f0 GCTaskThread "GC Thread#0" [stack: 0x000000743d500000,0x000000743d600000] [id=16492]
  0x000001ba60fc5350 ConcurrentGCThread "G1 Main Marker" [stack: 0x000000743d600000,0x000000743d700000] [id=18576]
  0x000001ba60fc6500 ConcurrentGCThread "G1 Conc#0" [stack: 0x000000743d700000,0x000000743d800000] [id=21324]

[error occurred during error reporting (printing all threads), id 0xc0000005, EXCEPTION_ACCESS_VIOLATION (0xc0000005) at pc=0x00007ff837340797]

VM state: not at safepoint (not fully initialized)

VM Mutex/Monitor currently owned by a thread:  ([mutex/lock_event])
[0x000001ba60f5ac30] Heap_lock - owner thread: 0x000001ba60f5c950

Heap address: 0x0000000082a00000, size: 2006 MB, Compressed Oops mode: 32-bit

CDS archive(s) mapped at: [0x0000000000000000-0x0000000000000000-0x0000000000000000), size 0, SharedBaseAddress: 0x0000000800000000, ArchiveRelocationMode: 0.
Narrow klass base: 0x0000000000000000, Narrow klass shift: 0, Narrow klass range: 0x0

GC Precious Log:
<Empty>

Heap:
 garbage-first heap   total 0K, used 0K [0x0000000082a00000, 0x0000000100000000)
  region size 1024K, 0 young (0K), 0 survivors (0K)

[error occurred during error reporting (printing heap information), id 0xc0000005, EXCEPTION_ACCESS_VIOLATION (0xc0000005) at pc=0x00007ff83772d939]

GC Heap History (0 events):
No events

Dll operation events (1 events):
Event: 0.009 Loaded shared library C:\Program Files\Android\Android Studio\jbr\bin\java.dll

Deoptimization events (0 events):
No events

Classes unloaded (0 events):
No events

Classes redefined (0 events):
No events

Internal exceptions (0 events):
No events

VM Operations (0 events):
No events

Events (0 events):
No events


Dynamic libraries:
0x00007ff791980000 - 0x00007ff79198a000 	C:\Program Files\Android\Android Studio\jbr\bin\java.exe
0x00007ff88c170000 - 0x00007ff88c384000 	C:\WINDOWS\SYSTEM32\ntdll.dll
0x00007ff88b5f0000 - 0x00007ff88b6b2000 	C:\WINDOWS\System32\KERNEL32.DLL
0x00007ff889740000 - 0x00007ff889adc000 	C:\WINDOWS\System32\KERNELBASE.dll
0x00007ff889620000 - 0x00007ff889731000 	C:\WINDOWS\System32\ucrtbase.dll
0x00007ff864690000 - 0x00007ff8646ab000 	C:\Program Files\Android\Android Studio\jbr\bin\VCRUNTIME140.dll
0x00007ff8646b0000 - 0x00007ff8646c7000 	C:\Program Files\Android\Android Studio\jbr\bin\jli.dll
0x00007ff88bf80000 - 0x00007ff88c12b000 	C:\WINDOWS\System32\USER32.dll
0x00007ff889e30000 - 0x00007ff889e56000 	C:\WINDOWS\System32\win32u.dll
0x00007ff88a990000 - 0x00007ff88a9b9000 	C:\WINDOWS\System32\GDI32.dll
0x00007ff889e60000 - 0x00007ff889f73000 	C:\WINDOWS\System32\gdi32full.dll
0x00007ff87bcf0000 - 0x00007ff87bf7e000 	C:\WINDOWS\WinSxS\amd64_microsoft.windows.common-controls_6595b64144ccf1df_6.0.22621.608_none_a9444ca7c10bb01d\COMCTL32.dll
0x00007ff889ae0000 - 0x00007ff889b7a000 	C:\WINDOWS\System32\msvcp_win.dll
0x00007ff88bd30000 - 0x00007ff88bdd7000 	C:\WINDOWS\System32\msvcrt.dll
0x00007ff889f80000 - 0x00007ff889fb1000 	C:\WINDOWS\System32\IMM32.DLL
0x00007ff87d620000 - 0x00007ff87d62c000 	C:\Program Files\Android\Android Studio\jbr\bin\vcruntime140_1.dll
0x00007ff858b60000 - 0x00007ff858bed000 	C:\Program Files\Android\Android Studio\jbr\bin\msvcp140.dll
0x00007ff837050000 - 0x00007ff837cbd000 	C:\Program Files\Android\Android Studio\jbr\bin\server\jvm.dll
0x00007ff88bed0000 - 0x00007ff88bf7e000 	C:\WINDOWS\System32\ADVAPI32.dll
0x00007ff88bc10000 - 0x00007ff88bcb4000 	C:\WINDOWS\System32\sechost.dll
0x00007ff88aae0000 - 0x00007ff88abf7000 	C:\WINDOWS\System32\RPCRT4.dll
0x00007ff873f10000 - 0x00007ff873f19000 	C:\WINDOWS\SYSTEM32\WSOCK32.dll
0x00007ff882830000 - 0x00007ff882864000 	C:\WINDOWS\SYSTEM32\WINMM.dll
0x00007ff88a910000 - 0x00007ff88a981000 	C:\WINDOWS\System32\WS2_32.dll
0x00007ff880c20000 - 0x00007ff880c2a000 	C:\WINDOWS\SYSTEM32\VERSION.dll
0x00007ff8885c0000 - 0x00007ff8885d8000 	C:\WINDOWS\SYSTEM32\kernel.appcore.dll
0x00007ff883590000 - 0x00007ff88359a000 	C:\Program Files\Android\Android Studio\jbr\bin\jimage.dll
0x00007ff886fc0000 - 0x00007ff8871ee000 	C:\WINDOWS\SYSTEM32\DBGHELP.DLL
0x00007ff88b250000 - 0x00007ff88b5d9000 	C:\WINDOWS\System32\combase.dll
0x00007ff88bb30000 - 0x00007ff88bc07000 	C:\WINDOWS\System32\OLEAUT32.dll
0x00007ff881920000 - 0x00007ff881952000 	C:\WINDOWS\SYSTEM32\dbgcore.DLL
0x00007ff889b80000 - 0x00007ff889bfb000 	C:\WINDOWS\System32\bcryptPrimitives.dll
0x00007ff87e4c0000 - 0x00007ff87e4e5000 	C:\Program Files\Android\Android Studio\jbr\bin\java.dll

dbghelp: loaded successfully - version: 4.0.5 - missing functions: none
symbol engine: initialized successfully - sym options: 0x614 - pdb path: .;C:\Program Files\Android\Android Studio\jbr\bin;C:\WINDOWS\SYSTEM32;C:\WINDOWS\WinSxS\amd64_microsoft.windows.common-controls_6595b64144ccf1df_6.0.22621.608_none_a9444ca7c10bb01d;C:\Program Files\Android\Android Studio\jbr\bin\server

VM Arguments:
java_command: git4idea.http.GitAskPassApp Username for 'https://github.com': 
java_class_path (initial): C:/Program Files/Android/Android Studio/plugins/git4idea/lib/git4idea-rt.jar;C:/Program Files/Android/Android Studio/lib/externalProcess-rt.jar;C:/Program Files/Android/Android Studio/lib/app.jar;C:/Program Files/Android/Android Studio/lib/3rd-party-rt.jar
Launcher Type: SUN_STANDARD

[Global flags]
     intx CICompilerCount                          = 4                                         {product} {ergonomic}
     uint ConcGCThreads                            = 2                                         {product} {ergonomic}
     uint G1ConcRefinementThreads                  = 8                                         {product} {ergonomic}
   size_t G1HeapRegionSize                         = 1048576                                   {product} {ergonomic}
    uintx GCDrainStackTargetSize                   = 64                                        {product} {ergonomic}
   size_t InitialHeapSize                          = 132120576                                 {product} {ergonomic}
   size_t MarkStackSize                            = 4194304                                   {product} {ergonomic}
   size_t MaxHeapSize                              = 2103443456                                {product} {ergonomic}
   size_t MinHeapDeltaBytes                        = 1048576                                   {product} {ergonomic}
   size_t MinHeapSize                              = 8388608                                   {product} {ergonomic}
    uintx NonNMethodCodeHeapSize                   = 5839372                                {pd product} {ergonomic}
    uintx NonProfiledCodeHeapSize                  = 122909434                              {pd product} {ergonomic}
    uintx ProfiledCodeHeapSize                     = 122909434                              {pd product} {ergonomic}
    uintx ReservedCodeCacheSize                    = 251658240                              {pd product} {ergonomic}
     bool SegmentedCodeCache                       = true                                      {product} {ergonomic}
   size_t SoftMaxHeapSize                          = 2103443456                             {manageable} {ergonomic}
     bool UseCompressedClassPointers               = true                           {product lp64_product} {ergonomic}
     bool UseCompressedOops                        = true                           {product lp64_product} {ergonomic}
     bool UseG1GC                                  = true                                      {product} {ergonomic}
     bool UseLargePagesIndividualAllocation        = false                                  {pd product} {ergonomic}

Logging:
Log output configuration:
 #0: stdout all=warning uptime,level,tags
 #1: stderr all=off uptime,level,tags

Environment Variables:
JAVA_HOME=C:\jdk-19.0.1\jdk-19.0.1
PATH=C:\Program Files\Git\mingw64\libexec\git-core;C:\Program Files\Git\mingw64\libexec\git-core;C:\Program Files\Git\mingw64\bin;C:\Program Files\Git\usr\bin;C:\Users\ggguz\bin;C:\Program Files (x86)\Embarcadero\Studio\22.0\bin;C:\Users\Public\Documents\Embarcadero\Studio\22.0\Bpl;C:\Program Files (x86)\Embarcadero\Studio\22.0\bin64;C:\Users\Public\Documents\Embarcadero\Studio\22.0\Bpl\Win64;C:\WINDOWS\system32;C:\WINDOWS;C:\WINDOWS\System32\Wbem;C:\WINDOWS\System32\WindowsPowerShell\v1.0;C:\WINDOWS\System32\OpenSSH;C:\Program Files\Microsoft SQL Server\150\Tools\Binn;C:\WINDOWS\system32;C:\WINDOWS;C:\WINDOWS\System32\Wbem;C:\WINDOWS\System32\WindowsPowerShell\v1.0;C:\WINDOWS\System32\OpenSSH;C:\Visual Studio Code\Repo Git\flutter_windows_3.3.7-stable\flutter\bin;C:\Program Files\PuTTY;C:\Program Files\Git\cmd;C:\Users\ggguz\AppData\Local\Programs\Python\Python310\Scripts;C:\Users\ggguz\AppData\Local\Programs\Python\Python310;C:\Users\ggguz\AppData\Local\Microsoft\WindowsApps;C:\Users\ggguz\AppData\Local\Programs\Microsoft VS Code\bin;C:\Microsoft VS Code\lll\clang32\bin;C:\jdk-19.0.1\bin;C:\jdk-19.0.1\jdk-19.0.1\bin
USERNAME=ggguz
DISPLAY=:0.0
LC_ALL=en_US.UTF-8
TERM=xterm-256color
TMPDIR=C:\Users\ggguz\AppData\Local\Temp
OS=Windows_NT
PROCESSOR_IDENTIFIER=Intel64 Family 6 Model 140 Stepping 1, GenuineIntel
TMP=C:\Users\ggguz\AppData\Local\Temp
TEMP=C:\Users\ggguz\AppData\Local\Temp



---------------  S Y S T E M  ---------------

OS:
 Windows 11 , 64 bit Build 22621 (10.0.22621.1485)
OS uptime: 5 days 8:59 hours
Hyper-V role detected

CPU: total 8 (initial active 8) (4 cores per cpu, 2 threads per core) family 6 model 140 stepping 1 microcode 0x9a, cx8, cmov, fxsr, ht, mmx, 3dnowpref, sse, sse2, sse3, ssse3, sse4.1, sse4.2, popcnt, lzcnt, tsc, tscinvbit, avx, avx2, aes, erms, clmul, bmi1, bmi2, adx, avx512f, avx512dq, avx512cd, avx512bw, avx512vl, sha, fma, vzeroupper, avx512_vpopcntdq, avx512_vpclmulqdq, avx512_vaes, avx512_vnni, clflush, clflushopt, clwb, avx512_vbmi2, avx512_vbmi, hv

Memory: 4k page, system-wide physical 8017M (470M free)
TotalPageFile size 23131M (AvailPageFile size 11M)
current process WorkingSet (physical memory assigned to process): 11M, peak: 11M
current process commit charge ("private bytes"): 60M, peak: 186M

vm_info: OpenJDK 64-Bit Server VM (17.0.6+0-b2043.56-9586694) for windows-amd64 JRE (17.0.6+0-b2043.56-9586694), built on Feb  9 2023 20:06:20 by "androidbuild" with MS VC++ 16.10 / 16.11 (VS2019)

END.
